<?xml version="1.0" encoding="UTF-8"?>
<!-- Generated by org.testng.reporters.JUnitReportReporter -->
<testsuite hostname="DESKTOP-NTGCBCM" failures="0" tests="1" name="testClasspackage.Post_tc_2" time="1.755" errors="0" timestamp="2023-05-23T21:19:19 IST" skipped="0">
  <testcase classname="testClasspackage.Post_tc_2" name="execute" time="1.755"/>
  <system-out/>
</testsuite> <!-- testClasspackage.Post_tc_2 -->
